DEBUG - 2025-09-25 20:07:51 --> Session: Class initialized using 'CodeIgniter\Session\Handlers\FileHandler' driver.
DEBUG - 2025-09-25 20:10:25 --> Session: Class initialized using 'CodeIgniter\Session\Handlers\FileHandler' driver.
DEBUG - 2025-09-25 20:10:26 --> Session: Class initialized using 'CodeIgniter\Session\Handlers\FileHandler' driver.
WARNING - 2025-09-25 20:10:27 --> [DEPRECATED] strtolower(): Passing null to parameter #1 ($string) of type string is deprecated in APPPATH\Views\mitra\mitra_list.php on line 52.
 1 APPPATH\Views\mitra\mitra_list.php(52): strtolower(null)
 2 SYSTEMPATH\View\View.php(224): include('C:\\xampp\\htdocs\\mitra\\app\\Views\\mitra\\mitra_list.php')
 3 SYSTEMPATH\View\View.php(227): CodeIgniter\View\View->CodeIgniter\View\{closure}()
 4 SYSTEMPATH\Common.php(1173): CodeIgniter\View\View->render('mitra/mitra_list', [], true)
 5 APPPATH\Controllers\Mitra.php(37): view('mitra/mitra_list', [...])
 6 SYSTEMPATH\CodeIgniter.php(933): App\Controllers\Mitra->index()
 7 SYSTEMPATH\CodeIgniter.php(507): CodeIgniter\CodeIgniter->runController(Object(App\Controllers\Mitra))
 8 SYSTEMPATH\CodeIgniter.php(354): CodeIgniter\CodeIgniter->handleRequest(null, Object(Config\Cache), false)
 9 SYSTEMPATH\Boot.php(334): CodeIgniter\CodeIgniter->run()
10 SYSTEMPATH\Boot.php(67): CodeIgniter\Boot::runCodeIgniter(Object(CodeIgniter\CodeIgniter))
11 FCPATH\index.php(55): CodeIgniter\Boot::bootWeb(Object(Config\Paths))
WARNING - 2025-09-25 20:10:27 --> [DEPRECATED] strtolower(): Passing null to parameter #1 ($string) of type string is deprecated in APPPATH\Views\mitra\mitra_list.php on line 52.
 1 APPPATH\Views\mitra\mitra_list.php(52): strtolower(null)
 2 SYSTEMPATH\View\View.php(224): include('C:\\xampp\\htdocs\\mitra\\app\\Views\\mitra\\mitra_list.php')
 3 SYSTEMPATH\View\View.php(227): CodeIgniter\View\View->CodeIgniter\View\{closure}()
 4 SYSTEMPATH\Common.php(1173): CodeIgniter\View\View->render('mitra/mitra_list', [], true)
 5 APPPATH\Controllers\Mitra.php(37): view('mitra/mitra_list', [...])
 6 SYSTEMPATH\CodeIgniter.php(933): App\Controllers\Mitra->index()
 7 SYSTEMPATH\CodeIgniter.php(507): CodeIgniter\CodeIgniter->runController(Object(App\Controllers\Mitra))
 8 SYSTEMPATH\CodeIgniter.php(354): CodeIgniter\CodeIgniter->handleRequest(null, Object(Config\Cache), false)
 9 SYSTEMPATH\Boot.php(334): CodeIgniter\CodeIgniter->run()
10 SYSTEMPATH\Boot.php(67): CodeIgniter\Boot::runCodeIgniter(Object(CodeIgniter\CodeIgniter))
11 FCPATH\index.php(55): CodeIgniter\Boot::bootWeb(Object(Config\Paths))
DEBUG - 2025-09-25 20:17:40 --> Session: Class initialized using 'CodeIgniter\Session\Handlers\FileHandler' driver.
WARNING - 2025-09-25 20:17:40 --> [DEPRECATED] strtolower(): Passing null to parameter #1 ($string) of type string is deprecated in APPPATH\Views\mitra\mitra_list.php on line 52.
 1 APPPATH\Views\mitra\mitra_list.php(52): strtolower(null)
 2 SYSTEMPATH\View\View.php(224): include('C:\\xampp\\htdocs\\mitra\\app\\Views\\mitra\\mitra_list.php')
 3 SYSTEMPATH\View\View.php(227): CodeIgniter\View\View->CodeIgniter\View\{closure}()
 4 SYSTEMPATH\Common.php(1173): CodeIgniter\View\View->render('mitra/mitra_list', [], true)
 5 APPPATH\Controllers\Mitra.php(37): view('mitra/mitra_list', [...])
 6 SYSTEMPATH\CodeIgniter.php(933): App\Controllers\Mitra->index()
 7 SYSTEMPATH\CodeIgniter.php(507): CodeIgniter\CodeIgniter->runController(Object(App\Controllers\Mitra))
 8 SYSTEMPATH\CodeIgniter.php(354): CodeIgniter\CodeIgniter->handleRequest(null, Object(Config\Cache), false)
 9 SYSTEMPATH\Boot.php(334): CodeIgniter\CodeIgniter->run()
10 SYSTEMPATH\Boot.php(67): CodeIgniter\Boot::runCodeIgniter(Object(CodeIgniter\CodeIgniter))
11 FCPATH\index.php(55): CodeIgniter\Boot::bootWeb(Object(Config\Paths))
WARNING - 2025-09-25 20:17:40 --> [DEPRECATED] strtolower(): Passing null to parameter #1 ($string) of type string is deprecated in APPPATH\Views\mitra\mitra_list.php on line 52.
 1 APPPATH\Views\mitra\mitra_list.php(52): strtolower(null)
 2 SYSTEMPATH\View\View.php(224): include('C:\\xampp\\htdocs\\mitra\\app\\Views\\mitra\\mitra_list.php')
 3 SYSTEMPATH\View\View.php(227): CodeIgniter\View\View->CodeIgniter\View\{closure}()
 4 SYSTEMPATH\Common.php(1173): CodeIgniter\View\View->render('mitra/mitra_list', [], true)
 5 APPPATH\Controllers\Mitra.php(37): view('mitra/mitra_list', [...])
 6 SYSTEMPATH\CodeIgniter.php(933): App\Controllers\Mitra->index()
 7 SYSTEMPATH\CodeIgniter.php(507): CodeIgniter\CodeIgniter->runController(Object(App\Controllers\Mitra))
 8 SYSTEMPATH\CodeIgniter.php(354): CodeIgniter\CodeIgniter->handleRequest(null, Object(Config\Cache), false)
 9 SYSTEMPATH\Boot.php(334): CodeIgniter\CodeIgniter->run()
10 SYSTEMPATH\Boot.php(67): CodeIgniter\Boot::runCodeIgniter(Object(CodeIgniter\CodeIgniter))
11 FCPATH\index.php(55): CodeIgniter\Boot::bootWeb(Object(Config\Paths))
DEBUG - 2025-09-25 20:17:44 --> Session: Class initialized using 'CodeIgniter\Session\Handlers\FileHandler' driver.
WARNING - 2025-09-25 20:17:44 --> [DEPRECATED] strtolower(): Passing null to parameter #1 ($string) of type string is deprecated in APPPATH\Views\mitra\mitra_list.php on line 52.
 1 APPPATH\Views\mitra\mitra_list.php(52): strtolower(null)
 2 SYSTEMPATH\View\View.php(224): include('C:\\xampp\\htdocs\\mitra\\app\\Views\\mitra\\mitra_list.php')
 3 SYSTEMPATH\View\View.php(227): CodeIgniter\View\View->CodeIgniter\View\{closure}()
 4 SYSTEMPATH\Common.php(1173): CodeIgniter\View\View->render('mitra/mitra_list', [], true)
 5 APPPATH\Controllers\Mitra.php(37): view('mitra/mitra_list', [...])
 6 SYSTEMPATH\CodeIgniter.php(933): App\Controllers\Mitra->index()
 7 SYSTEMPATH\CodeIgniter.php(507): CodeIgniter\CodeIgniter->runController(Object(App\Controllers\Mitra))
 8 SYSTEMPATH\CodeIgniter.php(354): CodeIgniter\CodeIgniter->handleRequest(null, Object(Config\Cache), false)
 9 SYSTEMPATH\Boot.php(334): CodeIgniter\CodeIgniter->run()
10 SYSTEMPATH\Boot.php(67): CodeIgniter\Boot::runCodeIgniter(Object(CodeIgniter\CodeIgniter))
11 FCPATH\index.php(55): CodeIgniter\Boot::bootWeb(Object(Config\Paths))
WARNING - 2025-09-25 20:17:44 --> [DEPRECATED] strtolower(): Passing null to parameter #1 ($string) of type string is deprecated in APPPATH\Views\mitra\mitra_list.php on line 52.
 1 APPPATH\Views\mitra\mitra_list.php(52): strtolower(null)
 2 SYSTEMPATH\View\View.php(224): include('C:\\xampp\\htdocs\\mitra\\app\\Views\\mitra\\mitra_list.php')
 3 SYSTEMPATH\View\View.php(227): CodeIgniter\View\View->CodeIgniter\View\{closure}()
 4 SYSTEMPATH\Common.php(1173): CodeIgniter\View\View->render('mitra/mitra_list', [], true)
 5 APPPATH\Controllers\Mitra.php(37): view('mitra/mitra_list', [...])
 6 SYSTEMPATH\CodeIgniter.php(933): App\Controllers\Mitra->index()
 7 SYSTEMPATH\CodeIgniter.php(507): CodeIgniter\CodeIgniter->runController(Object(App\Controllers\Mitra))
 8 SYSTEMPATH\CodeIgniter.php(354): CodeIgniter\CodeIgniter->handleRequest(null, Object(Config\Cache), false)
 9 SYSTEMPATH\Boot.php(334): CodeIgniter\CodeIgniter->run()
10 SYSTEMPATH\Boot.php(67): CodeIgniter\Boot::runCodeIgniter(Object(CodeIgniter\CodeIgniter))
11 FCPATH\index.php(55): CodeIgniter\Boot::bootWeb(Object(Config\Paths))
DEBUG - 2025-09-25 20:17:47 --> Session: Class initialized using 'CodeIgniter\Session\Handlers\FileHandler' driver.
DEBUG - 2025-09-25 20:19:37 --> Session: Class initialized using 'CodeIgniter\Session\Handlers\FileHandler' driver.
DEBUG - 2025-09-25 20:19:40 --> Session: Class initialized using 'CodeIgniter\Session\Handlers\FileHandler' driver.
DEBUG - 2025-09-25 20:19:44 --> Session: Class initialized using 'CodeIgniter\Session\Handlers\FileHandler' driver.
WARNING - 2025-09-25 20:19:44 --> [DEPRECATED] strtolower(): Passing null to parameter #1 ($string) of type string is deprecated in APPPATH\Views\mitra\mitra_list.php on line 52.
 1 APPPATH\Views\mitra\mitra_list.php(52): strtolower(null)
 2 SYSTEMPATH\View\View.php(224): include('C:\\xampp\\htdocs\\mitra\\app\\Views\\mitra\\mitra_list.php')
 3 SYSTEMPATH\View\View.php(227): CodeIgniter\View\View->CodeIgniter\View\{closure}()
 4 SYSTEMPATH\Common.php(1173): CodeIgniter\View\View->render('mitra/mitra_list', [], true)
 5 APPPATH\Controllers\Mitra.php(37): view('mitra/mitra_list', [...])
 6 SYSTEMPATH\CodeIgniter.php(933): App\Controllers\Mitra->index()
 7 SYSTEMPATH\CodeIgniter.php(507): CodeIgniter\CodeIgniter->runController(Object(App\Controllers\Mitra))
 8 SYSTEMPATH\CodeIgniter.php(354): CodeIgniter\CodeIgniter->handleRequest(null, Object(Config\Cache), false)
 9 SYSTEMPATH\Boot.php(334): CodeIgniter\CodeIgniter->run()
10 SYSTEMPATH\Boot.php(67): CodeIgniter\Boot::runCodeIgniter(Object(CodeIgniter\CodeIgniter))
11 FCPATH\index.php(55): CodeIgniter\Boot::bootWeb(Object(Config\Paths))
WARNING - 2025-09-25 20:19:44 --> [DEPRECATED] strtolower(): Passing null to parameter #1 ($string) of type string is deprecated in APPPATH\Views\mitra\mitra_list.php on line 52.
 1 APPPATH\Views\mitra\mitra_list.php(52): strtolower(null)
 2 SYSTEMPATH\View\View.php(224): include('C:\\xampp\\htdocs\\mitra\\app\\Views\\mitra\\mitra_list.php')
 3 SYSTEMPATH\View\View.php(227): CodeIgniter\View\View->CodeIgniter\View\{closure}()
 4 SYSTEMPATH\Common.php(1173): CodeIgniter\View\View->render('mitra/mitra_list', [], true)
 5 APPPATH\Controllers\Mitra.php(37): view('mitra/mitra_list', [...])
 6 SYSTEMPATH\CodeIgniter.php(933): App\Controllers\Mitra->index()
 7 SYSTEMPATH\CodeIgniter.php(507): CodeIgniter\CodeIgniter->runController(Object(App\Controllers\Mitra))
 8 SYSTEMPATH\CodeIgniter.php(354): CodeIgniter\CodeIgniter->handleRequest(null, Object(Config\Cache), false)
 9 SYSTEMPATH\Boot.php(334): CodeIgniter\CodeIgniter->run()
10 SYSTEMPATH\Boot.php(67): CodeIgniter\Boot::runCodeIgniter(Object(CodeIgniter\CodeIgniter))
11 FCPATH\index.php(55): CodeIgniter\Boot::bootWeb(Object(Config\Paths))
